<?xml version="1.0" encoding="UTF-8"?>
<testsuite xmlns:xsi="http://www.w3.org/2001/XMLSchema-instance" xsi:noNamespaceSchemaLocation="https://maven.apache.org/surefire/maven-surefire-plugin/xsd/surefire-test-report-3.0.xsd" version="3.0" name="edu.coursera.concurrent.BoruvkaPerformanceTest" time="92.282" tests="2" errors="0" skipped="0" failures="0">
  <properties>
[...]
</properties>
  <testcase name="testInputUSAroadNE" classname="edu.coursera.concurrent.BoruvkaPerformanceTest" time="57.336">
    <system-err><![CDATA[  src/main/resources/boruvka/USA-road-d.NE.gr.gz - edu.coursera.concurrent.boruvka.sequential.SeqBoruvka - 1341
  src/main/resources/boruvka/USA-road-d.NE.gr.gz - edu.coursera.concurrent.boruvka.sequential.SeqBoruvka - 1337
  src/main/resources/boruvka/USA-road-d.NE.gr.gz - edu.coursera.concurrent.boruvka.sequential.SeqBoruvka - 1494
  src/main/resources/boruvka/USA-road-d.NE.gr.gz - edu.coursera.concurrent.boruvka.sequential.SeqBoruvka - 1607
  src/main/resources/boruvka/USA-road-d.NE.gr.gz - edu.coursera.concurrent.boruvka.sequential.SeqBoruvka - 2180
Exception in thread "Thread-3" Exception in thread "Thread-2" Exception in thread "Thread-6" Exception in thread "Thread-4" Exception in thread "Thread-8" Exception in thread "Thread-1" Exception in thread "Thread-7" java.lang.AssertionError
	at edu.coursera.concurrent.SolutionToBoruvka.setSolution(SolutionToBoruvka.java:24)
	at edu.coursera.concurrent.ParBoruvka.computeBoruvka(ParBoruvka.java:78)
	at edu.coursera.concurrent.BoruvkaPerformanceTest.lambda$driver$0(BoruvkaPerformanceTest.java:72)
	at java.lang.Thread.run(Thread.java:750)
java.lang.AssertionError
	at edu.coursera.concurrent.SolutionToBoruvka.setSolution(SolutionToBoruvka.java:24)
	at edu.coursera.concurrent.ParBoruvka.computeBoruvka(ParBoruvka.java:78)
	at edu.coursera.concurrent.BoruvkaPerformanceTest.lambda$driver$0(BoruvkaPerformanceTest.java:72)
	at java.lang.Thread.run(Thread.java:750)
java.lang.AssertionError
	at edu.coursera.concurrent.SolutionToBoruvka.setSolution(SolutionToBoruvka.java:24)
	at edu.coursera.concurrent.ParBoruvka.computeBoruvka(ParBoruvka.java:78)
	at edu.coursera.concurrent.BoruvkaPerformanceTest.lambda$driver$0(BoruvkaPerformanceTest.java:72)
	at java.lang.Thread.run(Thread.java:750)
java.lang.AssertionError
	at edu.coursera.concurrent.SolutionToBoruvka.setSolution(SolutionToBoruvka.java:24)
	at edu.coursera.concurrent.ParBoruvka.computeBoruvka(ParBoruvka.java:78)
	at edu.coursera.concurrent.BoruvkaPerformanceTest.lambda$driver$0(BoruvkaPerformanceTest.java:72)
	at java.lang.Thread.run(Thread.java:750)
java.lang.AssertionError
	at edu.coursera.concurrent.SolutionToBoruvka.setSolution(SolutionToBoruvka.java:24)
	at edu.coursera.concurrent.ParBoruvka.computeBoruvka(ParBoruvka.java:78)
	at edu.coursera.concurrent.BoruvkaPerformanceTest.lambda$driver$0(BoruvkaPerformanceTest.java:72)
	at java.lang.Thread.run(Thread.java:750)
java.lang.AssertionError
	at edu.coursera.concurrent.SolutionToBoruvka.setSolution(SolutionToBoruvka.java:23)
	at edu.coursera.concurrent.ParBoruvka.computeBoruvka(ParBoruvka.java:78)
	at edu.coursera.concurrent.BoruvkaPerformanceTest.lambda$driver$0(BoruvkaPerformanceTest.java:72)
	at java.lang.Thread.run(Thread.java:750)
java.lang.AssertionError
	at edu.coursera.concurrent.SolutionToBoruvka.setSolution(SolutionToBoruvka.java:24)
	at edu.coursera.concurrent.ParBoruvka.computeBoruvka(ParBoruvka.java:78)
	at edu.coursera.concurrent.BoruvkaPerformanceTest.lambda$driver$0(BoruvkaPerformanceTest.java:72)
	at java.lang.Thread.run(Thread.java:750)
  src/main/resources/boruvka/USA-road-d.NE.gr.gz - edu.coursera.concurrent.ParBoruvka - 726
Exception in thread "Thread-14" Exception in thread "Thread-11" Exception in thread "Thread-9" Exception in thread "Thread-16" Exception in thread "Thread-13" Exception in thread "Thread-10" Exception in thread "Thread-15" java.lang.AssertionError
	at edu.coursera.concurrent.SolutionToBoruvka.setSolution(SolutionToBoruvka.java:24)
	at edu.coursera.concurrent.ParBoruvka.computeBoruvka(ParBoruvka.java:78)
	at edu.coursera.concurrent.BoruvkaPerformanceTest.lambda$driver$0(BoruvkaPerformanceTest.java:72)
	at java.lang.Thread.run(Thread.java:750)
java.lang.AssertionError
	at edu.coursera.concurrent.SolutionToBoruvka.setSolution(SolutionToBoruvka.java:24)
	at edu.coursera.concurrent.ParBoruvka.computeBoruvka(ParBoruvka.java:78)
	at edu.coursera.concurrent.BoruvkaPerformanceTest.lambda$driver$0(BoruvkaPerformanceTest.java:72)
	at java.lang.Thread.run(Thread.java:750)
java.lang.AssertionError
	at edu.coursera.concurrent.SolutionToBoruvka.setSolution(SolutionToBoruvka.java:24)
	at edu.coursera.concurrent.ParBoruvka.computeBoruvka(ParBoruvka.java:78)
	at edu.coursera.concurrent.BoruvkaPerformanceTest.lambda$driver$0(BoruvkaPerformanceTest.java:72)
	at java.lang.Thread.run(Thread.java:750)
java.lang.AssertionError
	at edu.coursera.concurrent.SolutionToBoruvka.setSolution(SolutionToBoruvka.java:24)
	at edu.coursera.concurrent.ParBoruvka.computeBoruvka(ParBoruvka.java:78)
	at edu.coursera.concurrent.BoruvkaPerformanceTest.lambda$driver$0(BoruvkaPerformanceTest.java:72)
	at java.lang.Thread.run(Thread.java:750)
java.lang.AssertionError
	at edu.coursera.concurrent.SolutionToBoruvka.setSolution(SolutionToBoruvka.java:24)
	at edu.coursera.concurrent.ParBoruvka.computeBoruvka(ParBoruvka.java:78)
	at edu.coursera.concurrent.BoruvkaPerformanceTest.lambda$driver$0(BoruvkaPerformanceTest.java:72)
	at java.lang.Thread.run(Thread.java:750)
java.lang.AssertionError
	at edu.coursera.concurrent.SolutionToBoruvka.setSolution(SolutionToBoruvka.java:24)
	at edu.coursera.concurrent.ParBoruvka.computeBoruvka(ParBoruvka.java:78)
	at edu.coursera.concurrent.BoruvkaPerformanceTest.lambda$driver$0(BoruvkaPerformanceTest.java:72)
	at java.lang.Thread.run(Thread.java:750)
java.lang.AssertionError
	at edu.coursera.concurrent.SolutionToBoruvka.setSolution(SolutionToBoruvka.java:24)
	at edu.coursera.concurrent.ParBoruvka.computeBoruvka(ParBoruvka.java:78)
	at edu.coursera.concurrent.BoruvkaPerformanceTest.lambda$driver$0(BoruvkaPerformanceTest.java:72)
	at java.lang.Thread.run(Thread.java:750)
  src/main/resources/boruvka/USA-road-d.NE.gr.gz - edu.coursera.concurrent.ParBoruvka - 706
Exception in thread "Thread-21" Exception in thread "Thread-19" Exception in thread "Thread-24" Exception in thread "Thread-20" Exception in thread "Thread-18" Exception in thread "Thread-17" Exception in thread "Thread-23" java.lang.AssertionError
	at edu.coursera.concurrent.SolutionToBoruvka.setSolution(SolutionToBoruvka.java:24)
	at edu.coursera.concurrent.ParBoruvka.computeBoruvka(ParBoruvka.java:78)
	at edu.coursera.concurrent.BoruvkaPerformanceTest.lambda$driver$0(BoruvkaPerformanceTest.java:72)
	at java.lang.Thread.run(Thread.java:750)
java.lang.AssertionError
	at edu.coursera.concurrent.SolutionToBoruvka.setSolution(SolutionToBoruvka.java:24)
	at edu.coursera.concurrent.ParBoruvka.computeBoruvka(ParBoruvka.java:78)
	at edu.coursera.concurrent.BoruvkaPerformanceTest.lambda$driver$0(BoruvkaPerformanceTest.java:72)
	at java.lang.Thread.run(Thread.java:750)
java.lang.AssertionError
	at edu.coursera.concurrent.SolutionToBoruvka.setSolution(SolutionToBoruvka.java:24)
	at edu.coursera.concurrent.ParBoruvka.computeBoruvka(ParBoruvka.java:78)
	at edu.coursera.concurrent.BoruvkaPerformanceTest.lambda$driver$0(BoruvkaPerformanceTest.java:72)
	at java.lang.Thread.run(Thread.java:750)
java.lang.AssertionError
	at edu.coursera.concurrent.SolutionToBoruvka.setSolution(SolutionToBoruvka.java:24)
	at edu.coursera.concurrent.ParBoruvka.computeBoruvka(ParBoruvka.java:78)
	at edu.coursera.concurrent.BoruvkaPerformanceTest.lambda$driver$0(BoruvkaPerformanceTest.java:72)
	at java.lang.Thread.run(Thread.java:750)
java.lang.AssertionError
	at edu.coursera.concurrent.SolutionToBoruvka.setSolution(SolutionToBoruvka.java:24)
	at edu.coursera.concurrent.ParBoruvka.computeBoruvka(ParBoruvka.java:78)
	at edu.coursera.concurrent.BoruvkaPerformanceTest.lambda$driver$0(BoruvkaPerformanceTest.java:72)
	at java.lang.Thread.run(Thread.java:750)
java.lang.AssertionError
	at edu.coursera.concurrent.SolutionToBoruvka.setSolution(SolutionToBoruvka.java:24)
	at edu.coursera.concurrent.ParBoruvka.computeBoruvka(ParBoruvka.java:78)
	at edu.coursera.concurrent.BoruvkaPerformanceTest.lambda$driver$0(BoruvkaPerformanceTest.java:72)
	at java.lang.Thread.run(Thread.java:750)
java.lang.AssertionError
	at edu.coursera.concurrent.SolutionToBoruvka.setSolution(SolutionToBoruvka.java:24)
	at edu.coursera.concurrent.ParBoruvka.computeBoruvka(ParBoruvka.java:78)
	at edu.coursera.concurrent.BoruvkaPerformanceTest.lambda$driver$0(BoruvkaPerformanceTest.java:72)
	at java.lang.Thread.run(Thread.java:750)
  src/main/resources/boruvka/USA-road-d.NE.gr.gz - edu.coursera.concurrent.ParBoruvka - 1251
Exception in thread "Thread-32" Exception in thread "Thread-29" Exception in thread "Thread-27" Exception in thread "Thread-28" java.lang.AssertionError
	at edu.coursera.concurrent.SolutionToBoruvka.setSolution(SolutionToBoruvka.java:24)
	at edu.coursera.concurrent.ParBoruvka.computeBoruvka(ParBoruvka.java:78)
	at edu.coursera.concurrent.BoruvkaPerformanceTest.lambda$driver$0(BoruvkaPerformanceTest.java:72)
	at java.lang.Thread.run(Thread.java:750)
Exception in thread "Thread-26" java.lang.AssertionError
Exception in thread "Thread-30" Exception in thread "Thread-25" 	at edu.coursera.concurrent.SolutionToBoruvka.setSolution(SolutionToBoruvka.java:24)
	at edu.coursera.concurrent.ParBoruvka.computeBoruvka(ParBoruvka.java:78)
	at edu.coursera.concurrent.BoruvkaPerformanceTest.lambda$driver$0(BoruvkaPerformanceTest.java:72)
	at java.lang.Thread.run(Thread.java:750)
java.lang.AssertionError
	at edu.coursera.concurrent.SolutionToBoruvka.setSolution(SolutionToBoruvka.java:23)
	at edu.coursera.concurrent.ParBoruvka.computeBoruvka(ParBoruvka.java:78)
	at edu.coursera.concurrent.BoruvkaPerformanceTest.lambda$driver$0(BoruvkaPerformanceTest.java:72)
	at java.lang.Thread.run(Thread.java:750)
java.lang.AssertionError
	at edu.coursera.concurrent.SolutionToBoruvka.setSolution(SolutionToBoruvka.java:24)
	at edu.coursera.concurrent.ParBoruvka.computeBoruvka(ParBoruvka.java:78)
	at edu.coursera.concurrent.BoruvkaPerformanceTest.lambda$driver$0(BoruvkaPerformanceTest.java:72)
	at java.lang.Thread.run(Thread.java:750)
java.lang.AssertionError
	at edu.coursera.concurrent.SolutionToBoruvka.setSolution(SolutionToBoruvka.java:24)
	at edu.coursera.concurrent.ParBoruvka.computeBoruvka(ParBoruvka.java:78)
	at edu.coursera.concurrent.BoruvkaPerformanceTest.lambda$driver$0(BoruvkaPerformanceTest.java:72)
	at java.lang.Thread.run(Thread.java:750)
java.lang.AssertionError
	at edu.coursera.concurrent.SolutionToBoruvka.setSolution(SolutionToBoruvka.java:24)
	at edu.coursera.concurrent.ParBoruvka.computeBoruvka(ParBoruvka.java:78)
	at edu.coursera.concurrent.BoruvkaPerformanceTest.lambda$driver$0(BoruvkaPerformanceTest.java:72)
	at java.lang.Thread.run(Thread.java:750)
java.lang.AssertionError
	at edu.coursera.concurrent.SolutionToBoruvka.setSolution(SolutionToBoruvka.java:24)
	at edu.coursera.concurrent.ParBoruvka.computeBoruvka(ParBoruvka.java:78)
	at edu.coursera.concurrent.BoruvkaPerformanceTest.lambda$driver$0(BoruvkaPerformanceTest.java:72)
	at java.lang.Thread.run(Thread.java:750)
  src/main/resources/boruvka/USA-road-d.NE.gr.gz - edu.coursera.concurrent.ParBoruvka - 718
Exception in thread "Thread-40" Exception in thread "Thread-38" Exception in thread "Thread-37" Exception in thread "Thread-39" java.lang.AssertionError
	at edu.coursera.concurrent.SolutionToBoruvka.setSolution(SolutionToBoruvka.java:24)
	at edu.coursera.concurrent.ParBoruvka.computeBoruvka(ParBoruvka.java:78)
	at edu.coursera.concurrent.BoruvkaPerformanceTest.lambda$driver$0(BoruvkaPerformanceTest.java:72)
Exception in thread "Thread-33" Exception in thread "Thread-35" Exception in thread "Thread-36" 	at java.lang.Thread.run(Thread.java:750)
java.lang.AssertionError
	at edu.coursera.concurrent.SolutionToBoruvka.setSolution(SolutionToBoruvka.java:24)
	at edu.coursera.concurrent.ParBoruvka.computeBoruvka(ParBoruvka.java:78)
	at edu.coursera.concurrent.BoruvkaPerformanceTest.lambda$driver$0(BoruvkaPerformanceTest.java:72)
	at java.lang.Thread.run(Thread.java:750)
java.lang.AssertionError
	at edu.coursera.concurrent.SolutionToBoruvka.setSolution(SolutionToBoruvka.java:24)
	at edu.coursera.concurrent.ParBoruvka.computeBoruvka(ParBoruvka.java:78)
	at edu.coursera.concurrent.BoruvkaPerformanceTest.lambda$driver$0(BoruvkaPerformanceTest.java:72)
	at java.lang.Thread.run(Thread.java:750)
java.lang.AssertionError
	at edu.coursera.concurrent.SolutionToBoruvka.setSolution(SolutionToBoruvka.java:24)
	at edu.coursera.concurrent.ParBoruvka.computeBoruvka(ParBoruvka.java:78)
	at edu.coursera.concurrent.BoruvkaPerformanceTest.lambda$driver$0(BoruvkaPerformanceTest.java:72)
	at java.lang.Thread.run(Thread.java:750)
java.lang.AssertionError
	at edu.coursera.concurrent.SolutionToBoruvka.setSolution(SolutionToBoruvka.java:24)
	at edu.coursera.concurrent.ParBoruvka.computeBoruvka(ParBoruvka.java:78)
	at edu.coursera.concurrent.BoruvkaPerformanceTest.lambda$driver$0(BoruvkaPerformanceTest.java:72)
	at java.lang.Thread.run(Thread.java:750)
java.lang.AssertionError
	at edu.coursera.concurrent.SolutionToBoruvka.setSolution(SolutionToBoruvka.java:24)
	at edu.coursera.concurrent.ParBoruvka.computeBoruvka(ParBoruvka.java:78)
	at edu.coursera.concurrent.BoruvkaPerformanceTest.lambda$driver$0(BoruvkaPerformanceTest.java:72)
	at java.lang.Thread.run(Thread.java:750)
java.lang.AssertionError
	at edu.coursera.concurrent.SolutionToBoruvka.setSolution(SolutionToBoruvka.java:24)
	at edu.coursera.concurrent.ParBoruvka.computeBoruvka(ParBoruvka.java:78)
	at edu.coursera.concurrent.BoruvkaPerformanceTest.lambda$driver$0(BoruvkaPerformanceTest.java:72)
	at java.lang.Thread.run(Thread.java:750)
  src/main/resources/boruvka/USA-road-d.NE.gr.gz - edu.coursera.concurrent.ParBoruvka - 706
]]></system-err>
  </testcase>
  <testcase name="testInputUSAroadFLA" classname="edu.coursera.concurrent.BoruvkaPerformanceTest" time="34.906">
    <system-err><![CDATA[  src/main/resources/boruvka/USA-road-d.FLA.gr.gz - edu.coursera.concurrent.boruvka.sequential.SeqBoruvka - 1151
  src/main/resources/boruvka/USA-road-d.FLA.gr.gz - edu.coursera.concurrent.boruvka.sequential.SeqBoruvka - 1294
  src/main/resources/boruvka/USA-road-d.FLA.gr.gz - edu.coursera.concurrent.boruvka.sequential.SeqBoruvka - 1502
  src/main/resources/boruvka/USA-road-d.FLA.gr.gz - edu.coursera.concurrent.boruvka.sequential.SeqBoruvka - 1183
  src/main/resources/boruvka/USA-road-d.FLA.gr.gz - edu.coursera.concurrent.boruvka.sequential.SeqBoruvka - 1276
Exception in thread "Thread-44" Exception in thread "Thread-48" Exception in thread "Thread-45" Exception in thread "Thread-43" Exception in thread "Thread-47" Exception in thread "Thread-41" java.lang.AssertionError
Exception in thread "Thread-42" 	at edu.coursera.concurrent.SolutionToBoruvka.setSolution(SolutionToBoruvka.java:24)
	at edu.coursera.concurrent.ParBoruvka.computeBoruvka(ParBoruvka.java:78)
	at edu.coursera.concurrent.BoruvkaPerformanceTest.lambda$driver$0(BoruvkaPerformanceTest.java:72)
	at java.lang.Thread.run(Thread.java:750)
java.lang.AssertionError
	at edu.coursera.concurrent.SolutionToBoruvka.setSolution(SolutionToBoruvka.java:24)
	at edu.coursera.concurrent.ParBoruvka.computeBoruvka(ParBoruvka.java:78)
	at edu.coursera.concurrent.BoruvkaPerformanceTest.lambda$driver$0(BoruvkaPerformanceTest.java:72)
	at java.lang.Thread.run(Thread.java:750)
java.lang.AssertionError
	at edu.coursera.concurrent.SolutionToBoruvka.setSolution(SolutionToBoruvka.java:24)
	at edu.coursera.concurrent.ParBoruvka.computeBoruvka(ParBoruvka.java:78)
	at edu.coursera.concurrent.BoruvkaPerformanceTest.lambda$driver$0(BoruvkaPerformanceTest.java:72)
	at java.lang.Thread.run(Thread.java:750)
java.lang.AssertionError
	at edu.coursera.concurrent.SolutionToBoruvka.setSolution(SolutionToBoruvka.java:24)
	at edu.coursera.concurrent.ParBoruvka.computeBoruvka(ParBoruvka.java:78)
	at edu.coursera.concurrent.BoruvkaPerformanceTest.lambda$driver$0(BoruvkaPerformanceTest.java:72)
	at java.lang.Thread.run(Thread.java:750)
java.lang.AssertionError
	at edu.coursera.concurrent.SolutionToBoruvka.setSolution(SolutionToBoruvka.java:23)
	at edu.coursera.concurrent.ParBoruvka.computeBoruvka(ParBoruvka.java:78)
	at edu.coursera.concurrent.BoruvkaPerformanceTest.lambda$driver$0(BoruvkaPerformanceTest.java:72)
	at java.lang.Thread.run(Thread.java:750)
java.lang.AssertionError
	at edu.coursera.concurrent.SolutionToBoruvka.setSolution(SolutionToBoruvka.java:24)
	at edu.coursera.concurrent.ParBoruvka.computeBoruvka(ParBoruvka.java:78)
	at edu.coursera.concurrent.BoruvkaPerformanceTest.lambda$driver$0(BoruvkaPerformanceTest.java:72)
	at java.lang.Thread.run(Thread.java:750)
java.lang.AssertionError
	at edu.coursera.concurrent.SolutionToBoruvka.setSolution(SolutionToBoruvka.java:24)
	at edu.coursera.concurrent.ParBoruvka.computeBoruvka(ParBoruvka.java:78)
	at edu.coursera.concurrent.BoruvkaPerformanceTest.lambda$driver$0(BoruvkaPerformanceTest.java:72)
	at java.lang.Thread.run(Thread.java:750)
  src/main/resources/boruvka/USA-road-d.FLA.gr.gz - edu.coursera.concurrent.ParBoruvka - 472
Exception in thread "Thread-53" Exception in thread "Thread-51" Exception in thread "Thread-54" Exception in thread "Thread-56" Exception in thread "Thread-52" Exception in thread "Thread-55" Exception in thread "Thread-50" java.lang.AssertionError
	at edu.coursera.concurrent.SolutionToBoruvka.setSolution(SolutionToBoruvka.java:24)
	at edu.coursera.concurrent.ParBoruvka.computeBoruvka(ParBoruvka.java:78)
	at edu.coursera.concurrent.BoruvkaPerformanceTest.lambda$driver$0(BoruvkaPerformanceTest.java:72)
	at java.lang.Thread.run(Thread.java:750)
java.lang.AssertionError
	at edu.coursera.concurrent.SolutionToBoruvka.setSolution(SolutionToBoruvka.java:24)
	at edu.coursera.concurrent.ParBoruvka.computeBoruvka(ParBoruvka.java:78)
	at edu.coursera.concurrent.BoruvkaPerformanceTest.lambda$driver$0(BoruvkaPerformanceTest.java:72)
	at java.lang.Thread.run(Thread.java:750)
java.lang.AssertionError
	at edu.coursera.concurrent.SolutionToBoruvka.setSolution(SolutionToBoruvka.java:24)
	at edu.coursera.concurrent.ParBoruvka.computeBoruvka(ParBoruvka.java:78)
	at edu.coursera.concurrent.BoruvkaPerformanceTest.lambda$driver$0(BoruvkaPerformanceTest.java:72)
	at java.lang.Thread.run(Thread.java:750)
java.lang.AssertionError
	at edu.coursera.concurrent.SolutionToBoruvka.setSolution(SolutionToBoruvka.java:24)
	at edu.coursera.concurrent.ParBoruvka.computeBoruvka(ParBoruvka.java:78)
	at edu.coursera.concurrent.BoruvkaPerformanceTest.lambda$driver$0(BoruvkaPerformanceTest.java:72)
	at java.lang.Thread.run(Thread.java:750)
java.lang.AssertionError
	at edu.coursera.concurrent.SolutionToBoruvka.setSolution(SolutionToBoruvka.java:24)
	at edu.coursera.concurrent.ParBoruvka.computeBoruvka(ParBoruvka.java:78)
	at edu.coursera.concurrent.BoruvkaPerformanceTest.lambda$driver$0(BoruvkaPerformanceTest.java:72)
	at java.lang.Thread.run(Thread.java:750)
java.lang.AssertionError
	at edu.coursera.concurrent.SolutionToBoruvka.setSolution(SolutionToBoruvka.java:24)
	at edu.coursera.concurrent.ParBoruvka.computeBoruvka(ParBoruvka.java:78)
	at edu.coursera.concurrent.BoruvkaPerformanceTest.lambda$driver$0(BoruvkaPerformanceTest.java:72)
	at java.lang.Thread.run(Thread.java:750)
java.lang.AssertionError
	at edu.coursera.concurrent.SolutionToBoruvka.setSolution(SolutionToBoruvka.java:24)
	at edu.coursera.concurrent.ParBoruvka.computeBoruvka(ParBoruvka.java:78)
	at edu.coursera.concurrent.BoruvkaPerformanceTest.lambda$driver$0(BoruvkaPerformanceTest.java:72)
	at java.lang.Thread.run(Thread.java:750)
  src/main/resources/boruvka/USA-road-d.FLA.gr.gz - edu.coursera.concurrent.ParBoruvka - 668
Exception in thread "Thread-60" Exception in thread "Thread-63" Exception in thread "Thread-64" Exception in thread "Thread-62" Exception in thread "Thread-58" Exception in thread "Thread-59" java.lang.AssertionError
	at edu.coursera.concurrent.SolutionToBoruvka.setSolution(SolutionToBoruvka.java:24)
	at edu.coursera.concurrent.ParBoruvka.computeBoruvka(ParBoruvka.java:78)
Exception in thread "Thread-61" 	at edu.coursera.concurrent.BoruvkaPerformanceTest.lambda$driver$0(BoruvkaPerformanceTest.java:72)
	at java.lang.Thread.run(Thread.java:750)
java.lang.AssertionError
	at edu.coursera.concurrent.SolutionToBoruvka.setSolution(SolutionToBoruvka.java:24)
	at edu.coursera.concurrent.ParBoruvka.computeBoruvka(ParBoruvka.java:78)
	at edu.coursera.concurrent.BoruvkaPerformanceTest.lambda$driver$0(BoruvkaPerformanceTest.java:72)
	at java.lang.Thread.run(Thread.java:750)
java.lang.AssertionError
	at edu.coursera.concurrent.SolutionToBoruvka.setSolution(SolutionToBoruvka.java:24)
	at edu.coursera.concurrent.ParBoruvka.computeBoruvka(ParBoruvka.java:78)
	at edu.coursera.concurrent.BoruvkaPerformanceTest.lambda$driver$0(BoruvkaPerformanceTest.java:72)
	at java.lang.Thread.run(Thread.java:750)
java.lang.AssertionError
	at edu.coursera.concurrent.SolutionToBoruvka.setSolution(SolutionToBoruvka.java:24)
	at edu.coursera.concurrent.ParBoruvka.computeBoruvka(ParBoruvka.java:78)
	at edu.coursera.concurrent.BoruvkaPerformanceTest.lambda$driver$0(BoruvkaPerformanceTest.java:72)
	at java.lang.Thread.run(Thread.java:750)
java.lang.AssertionError
	at edu.coursera.concurrent.SolutionToBoruvka.setSolution(SolutionToBoruvka.java:24)
	at edu.coursera.concurrent.ParBoruvka.computeBoruvka(ParBoruvka.java:78)
	at edu.coursera.concurrent.BoruvkaPerformanceTest.lambda$driver$0(BoruvkaPerformanceTest.java:72)
	at java.lang.Thread.run(Thread.java:750)
java.lang.AssertionError
	at edu.coursera.concurrent.SolutionToBoruvka.setSolution(SolutionToBoruvka.java:24)
	at edu.coursera.concurrent.ParBoruvka.computeBoruvka(ParBoruvka.java:78)
	at edu.coursera.concurrent.BoruvkaPerformanceTest.lambda$driver$0(BoruvkaPerformanceTest.java:72)
	at java.lang.Thread.run(Thread.java:750)
java.lang.AssertionError
	at edu.coursera.concurrent.SolutionToBoruvka.setSolution(SolutionToBoruvka.java:24)
	at edu.coursera.concurrent.ParBoruvka.computeBoruvka(ParBoruvka.java:78)
	at edu.coursera.concurrent.BoruvkaPerformanceTest.lambda$driver$0(BoruvkaPerformanceTest.java:72)
	at java.lang.Thread.run(Thread.java:750)
  src/main/resources/boruvka/USA-road-d.FLA.gr.gz - edu.coursera.concurrent.ParBoruvka - 506
Exception in thread "Thread-65" Exception in thread "Thread-70" java.lang.AssertionError
	at edu.coursera.concurrent.SolutionToBoruvka.setSolution(SolutionToBoruvka.java:24)
	at edu.coursera.concurrent.ParBoruvka.computeBoruvka(ParBoruvka.java:78)
Exception in thread "Thread-67" 	at edu.coursera.concurrent.BoruvkaPerformanceTest.lambda$driver$0(BoruvkaPerformanceTest.java:72)
	at java.lang.Thread.run(Thread.java:750)
java.lang.AssertionError
	at edu.coursera.concurrent.SolutionToBoruvka.setSolution(SolutionToBoruvka.java:24)
	at edu.coursera.concurrent.ParBoruvka.computeBoruvka(ParBoruvka.java:78)
	at edu.coursera.concurrent.BoruvkaPerformanceTest.lambda$driver$0(BoruvkaPerformanceTest.java:72)
	at java.lang.Thread.run(Thread.java:750)
java.lang.AssertionError
	at edu.coursera.concurrent.SolutionToBoruvka.setSolution(SolutionToBoruvka.java:24)
	at edu.coursera.concurrent.ParBoruvka.computeBoruvka(ParBoruvka.java:78)
	at edu.coursera.concurrent.BoruvkaPerformanceTest.lambda$driver$0(BoruvkaPerformanceTest.java:72)
	at java.lang.Thread.run(Thread.java:750)
Exception in thread "Thread-71" java.lang.AssertionError
	at edu.coursera.concurrent.SolutionToBoruvka.setSolution(SolutionToBoruvka.java:24)
	at edu.coursera.concurrent.ParBoruvka.computeBoruvka(ParBoruvka.java:78)
	at edu.coursera.concurrent.BoruvkaPerformanceTest.lambda$driver$0(BoruvkaPerformanceTest.java:72)
	at java.lang.Thread.run(Thread.java:750)
Exception in thread "Thread-72" Exception in thread "Thread-69" java.lang.AssertionError
Exception in thread "Thread-66" 	at edu.coursera.concurrent.SolutionToBoruvka.setSolution(SolutionToBoruvka.java:24)
	at edu.coursera.concurrent.ParBoruvka.computeBoruvka(ParBoruvka.java:78)
	at edu.coursera.concurrent.BoruvkaPerformanceTest.lambda$driver$0(BoruvkaPerformanceTest.java:72)
	at java.lang.Thread.run(Thread.java:750)
java.lang.AssertionError
	at edu.coursera.concurrent.SolutionToBoruvka.setSolution(SolutionToBoruvka.java:24)
	at edu.coursera.concurrent.ParBoruvka.computeBoruvka(ParBoruvka.java:78)
	at edu.coursera.concurrent.BoruvkaPerformanceTest.lambda$driver$0(BoruvkaPerformanceTest.java:72)
	at java.lang.Thread.run(Thread.java:750)
java.lang.AssertionError
	at edu.coursera.concurrent.SolutionToBoruvka.setSolution(SolutionToBoruvka.java:23)
	at edu.coursera.concurrent.ParBoruvka.computeBoruvka(ParBoruvka.java:78)
	at edu.coursera.concurrent.BoruvkaPerformanceTest.lambda$driver$0(BoruvkaPerformanceTest.java:72)
	at java.lang.Thread.run(Thread.java:750)
  src/main/resources/boruvka/USA-road-d.FLA.gr.gz - edu.coursera.concurrent.ParBoruvka - 900
Exception in thread "Thread-76" Exception in thread "Thread-77" Exception in thread "Thread-80" Exception in thread "Thread-78" Exception in thread "Thread-79" Exception in thread "Thread-74" Exception in thread "Thread-73" java.lang.AssertionError
	at edu.coursera.concurrent.SolutionToBoruvka.setSolution(SolutionToBoruvka.java:24)
	at edu.coursera.concurrent.ParBoruvka.computeBoruvka(ParBoruvka.java:78)
	at edu.coursera.concurrent.BoruvkaPerformanceTest.lambda$driver$0(BoruvkaPerformanceTest.java:72)
	at java.lang.Thread.run(Thread.java:750)
java.lang.AssertionError
	at edu.coursera.concurrent.SolutionToBoruvka.setSolution(SolutionToBoruvka.java:24)
	at edu.coursera.concurrent.ParBoruvka.computeBoruvka(ParBoruvka.java:78)
	at edu.coursera.concurrent.BoruvkaPerformanceTest.lambda$driver$0(BoruvkaPerformanceTest.java:72)
	at java.lang.Thread.run(Thread.java:750)
java.lang.AssertionError
	at edu.coursera.concurrent.SolutionToBoruvka.setSolution(SolutionToBoruvka.java:24)
	at edu.coursera.concurrent.ParBoruvka.computeBoruvka(ParBoruvka.java:78)
	at edu.coursera.concurrent.BoruvkaPerformanceTest.lambda$driver$0(BoruvkaPerformanceTest.java:72)
	at java.lang.Thread.run(Thread.java:750)
java.lang.AssertionError
	at edu.coursera.concurrent.SolutionToBoruvka.setSolution(SolutionToBoruvka.java:24)
	at edu.coursera.concurrent.ParBoruvka.computeBoruvka(ParBoruvka.java:78)
	at edu.coursera.concurrent.BoruvkaPerformanceTest.lambda$driver$0(BoruvkaPerformanceTest.java:72)
	at java.lang.Thread.run(Thread.java:750)
java.lang.AssertionError
	at edu.coursera.concurrent.SolutionToBoruvka.setSolution(SolutionToBoruvka.java:24)
	at edu.coursera.concurrent.ParBoruvka.computeBoruvka(ParBoruvka.java:78)
	at edu.coursera.concurrent.BoruvkaPerformanceTest.lambda$driver$0(BoruvkaPerformanceTest.java:72)
	at java.lang.Thread.run(Thread.java:750)
java.lang.AssertionError
	at edu.coursera.concurrent.SolutionToBoruvka.setSolution(SolutionToBoruvka.java:24)
	at edu.coursera.concurrent.ParBoruvka.computeBoruvka(ParBoruvka.java:78)
	at edu.coursera.concurrent.BoruvkaPerformanceTest.lambda$driver$0(BoruvkaPerformanceTest.java:72)
	at java.lang.Thread.run(Thread.java:750)
java.lang.AssertionError
	at edu.coursera.concurrent.SolutionToBoruvka.setSolution(SolutionToBoruvka.java:24)
	at edu.coursera.concurrent.ParBoruvka.computeBoruvka(ParBoruvka.java:78)
	at edu.coursera.concurrent.BoruvkaPerformanceTest.lambda$driver$0(BoruvkaPerformanceTest.java:72)
	at java.lang.Thread.run(Thread.java:750)
  src/main/resources/boruvka/USA-road-d.FLA.gr.gz - edu.coursera.concurrent.ParBoruvka - 499
]]></system-err>
  </testcase>
</testsuite>